INFO:root:showPlaybackWidget
INFO:root:disposing of motor manager
INFO:root:Raspberry Pi GPIO library not found
INFO:root:Raspberry Pi GPIO library not found
INFO:root:disposing of motor manager
INFO:root:Raspberry Pi GPIO library not found
INFO:root:Raspberry Pi GPIO library not found
INFO:root:disposing of motor manager
INFO:root:Raspberry Pi GPIO library not found
INFO:root:initialized screen toggle pin and configured
INFO:root:Set screen toggle pin
INFO:root:Raspberry Pi GPIO library not found
INFO:root:disposing of motor manager
INFO:root:Raspberry Pi GPIO library not found
INFO:root:Raspberry Pi GPIO library not found
INFO:root:disposing of motor manager
INFO:root:Problem disposing of screen toggle button
INFO:root:Raspberry Pi GPIO library not found
INFO:root:disposing of motor manager
INFO:root:Problem disposing of screen toggle button
INFO:root:Raspberry Pi GPIO library not found
INFO:root:disposing of motor manager
INFO:root:Problem disposing of screen toggle button
INFO:root:disposing of motor manager
